<?xml version="1.0" encoding="UTF-8"?>
<!-- Generated by org.testng.reporters.JUnitReportReporter -->
<testsuite hostname="Sowmi" failures="0" tests="1" name="githubPackage.UpdateTest" time="0.007" errors="0" timestamp="2022-09-27T17:20:28 IST" skipped="0">
  <testcase classname="githubPackage.UpdateTest" name="update" time="0.007"/>
  <system-out/>
</testsuite> <!-- githubPackage.UpdateTest -->
