<?xml version="1.0" encoding="UTF-8"?>
<!-- Generated by org.testng.reporters.JUnitReportReporter -->
<testsuite hostname="DESKTOP-MSBUJAU" failures="0" tests="1" name="githubPackage.CreateTest" time="0.016" errors="0" timestamp="2022-09-29T12:08:03 IST" skipped="0">
  <testcase classname="githubPackage.CreateTest" name="create" time="0.016"/>
  <system-out/>
</testsuite> <!-- githubPackage.CreateTest -->
