<?xml version="1.0" encoding="UTF-8"?>
<!-- Generated by org.testng.reporters.JUnitReportReporter -->
<testsuite hostname="DESKTOP-MSBUJAU" failures="0" tests="1" name="githubPackage.UpdateTest" time="0.020" errors="0" timestamp="2022-09-30T14:42:25 IST" skipped="0">
  <testcase classname="githubPackage.UpdateTest" name="update" time="0.020"/>
  <system-out/>
</testsuite> <!-- githubPackage.UpdateTest -->
