<?xml version="1.0" encoding="UTF-8"?>
<!-- Generated by org.testng.reporters.JUnitReportReporter -->
<testsuite hostname="Sowmi" failures="0" tests="2" name="githubPackage.CreateTest" time="0.016" errors="0" timestamp="2022-09-27T16:20:44 IST" skipped="0">
  <testcase classname="githubPackage.CreateTest" name="modify" time="0.004"/>
  <system-out/>
  <testcase classname="githubPackage.CreateTest" name="create" time="0.012"/>
  <system-out/>
</testsuite> <!-- githubPackage.CreateTest -->
