<?xml version="1.0" encoding="UTF-8"?>
<!-- Generated by org.testng.reporters.JUnitReportReporter -->
<testsuite hostname="DESKTOP-MSBUJAU" failures="0" tests="1" name="githubPackage.CreateTest" time="0.031" errors="0" timestamp="2022-09-27T16:07:21 IST" skipped="0">
  <testcase classname="githubPackage.CreateTest" name="create" time="0.031"/>
  <system-out/>
</testsuite> <!-- githubPackage.CreateTest -->
